<?xml version="1.0" encoding="UTF-8"?>
<!-- Generated by org.testng.reporters.JUnitReportReporter -->
<testsuite hostname="SSTINADMLP1150" failures="0" tests="1" name="com.tests.Login_DataDriven" time="3.611" errors="0" timestamp="2022-09-09T15:48:49 IST" skipped="0">
  <testcase classname="com.tests.Login_DataDriven" name="loginToApplication" time="3.611"/>
  <system-out/>
</testsuite> <!-- com.tests.Login_DataDriven -->
