<?xml version="1.0" encoding="UTF-8"?>
<!-- Generated by org.testng.reporters.JUnitReportReporter -->
<testsuite hostname="SSTINADMLP1150" failures="0" tests="1" name="com.tests.Login" time="1.857" errors="0" timestamp="2022-09-09T15:48:49 IST" skipped="0">
  <testcase classname="com.tests.Login" name="loginToApplication" time="1.857"/>
  <system-out/>
</testsuite> <!-- com.tests.Login -->
